La génération a démarré 22/11/2012 13:03:16.
     1>Projet "D:\SVN\2012-2013\Sections\Prog3\Colaisseau Yann\Prog\TD\CreaSweeper\CreaSweeper\CreaSweeper.vcxproj" sur le nœud 2 (build cible(s)).
     1>C:\Program Files (x86)\MSBuild\Microsoft.Cpp\v4.0\Microsoft.CppBuild.targets(299,5): warning MSB8004: Le répertoire Output ne se termine pas par une barre oblique finale.  Cette instance de build ajoutera une barre oblique, comme requis, pour permettre l'évaluation correcte du répertoire Output.
     1>InitializeBuildStatus:
         Création de "Debug\CreaSweeper.unsuccessfulbuild", car "AlwaysCreate" a été spécifié.
       ClCompile:
         C:\Program Files (x86)\Microsoft Visual Studio 10.0\VC\bin\CL.exe /c /I"D:\SVN\2012-2013\Sections\Prog3\Colaisseau Yann\Prog\TD\CreaSweeper\\bin\Debug\\..\..\CreaSweeper\include" /ZI /nologo /W3 /WX- /Od /Oy- /D WIN32 /D _DEBUG /D _CONSOLE /D _WINDOWS /D _UNICODE /D UNICODE /Gm /EHsc /RTC1 /MDd /GS /fp:precise /Zc:wchar_t /Zc:forScope /Fo"Debug\\" /Fd"Debug\vc100.pdb" /Gd /TP /analyze- /errorReport:prompt Cpartie.cpp
         Cpartie.cpp
       Link:
         C:\Program Files (x86)\Microsoft Visual Studio 10.0\VC\bin\link.exe /ERRORREPORT:PROMPT /OUT:"D:\SVN\2012-2013\Sections\Prog3\Colaisseau Yann\Prog\TD\CreaSweeper\\bin\Debug\CreaSweeper.exe" /INCREMENTAL:NO /NOLOGO /LIBPATH:"D:\SVN\2012-2013\Sections\Prog3\Colaisseau Yann\Prog\TD\CreaSweeper\\bin\Debug\\..\..\CreaSweeper\lib" "sfml-audio-d.lib" "sfml-graphics-d.lib" "sfml-main-d.lib" "sfml-network-d.lib" "sfml-system-d.lib" "sfml-window-d.lib" kernel32.lib user32.lib gdi32.lib winspool.lib comdlg32.lib advapi32.lib shell32.lib ole32.lib oleaut32.lib uuid.lib odbc32.lib odbccp32.lib /MANIFEST /ManifestFile:"Debug\CreaSweeper.exe.intermediate.manifest" /MANIFESTUAC:"level='asInvoker' uiAccess='false'" /DEBUG /PDB:"D:\SVN\2012-2013\Sections\Prog3\Colaisseau Yann\Prog\TD\CreaSweeper\bin\Debug\CreaSweeper.pdb" /SUBSYSTEM:CONSOLE /TLBID:1 /DYNAMICBASE /NXCOMPAT /IMPLIB:"D:\SVN\2012-2013\Sections\Prog3\Colaisseau Yann\Prog\TD\CreaSweeper\\bin\Debug\CreaSweeper.lib" /MACHINE:X86 Debug\Ccredits.obj
         Debug\CGame.obj
         Debug\Cintro.obj
         Debug\Cmenu.obj
         Debug\Coptions.obj
         Debug\Cpartie.obj
         Debug\Cscores.obj
         Debug\main.obj
         Debug\SpriteManager.obj
     1>Ccredits.obj : warning LNK4075: ' /EDITANDCONTINUE' ignoré à cause de la spécification '/INCREMENTAL:NO'
     1>Cpartie.obj : error LNK2019: symbole externe non résolu "protected: void __thiscall Cpartie::InitIntro(void)" (?InitIntro@Cpartie@@IAEXXZ) référencé dans la fonction "public: void __thiscall Cpartie::InitPartie(void)" (?InitPartie@Cpartie@@QAEXXZ)
     1>D:\SVN\2012-2013\Sections\Prog3\Colaisseau Yann\Prog\TD\CreaSweeper\\bin\Debug\CreaSweeper.exe : fatal error LNK1120: 1 externes non résolus
     1>Génération du projet "D:\SVN\2012-2013\Sections\Prog3\Colaisseau Yann\Prog\TD\CreaSweeper\CreaSweeper\CreaSweeper.vcxproj" terminée (build cible(s)) -- ÉCHEC.

ÉCHEC de la build.

Temps écoulé 00:00:00.95
