C:\USERS\BREAKFAST\DESKTOP\YANN\YANN CREA 3èME ANNéE\CREASWEEPER\CREASWEEPER\BIN\DEBUG_STATIC\CREASWEEPER.EXE
C:\USERS\BREAKFAST\DESKTOP\YANN\YANN CREA 3ÈME ANNÉE\CREASWEEPER\CREASWEEPER\BIN\DEBUG_STATIC\CREASWEEPER.PDB
C:\USERS\BREAKFAST\DESKTOP\YANN\YANN CREA 3èME ANNéE\CREASWEEPER\CREASWEEPER\CREASWEEPER\DEBUG_STATIC\CCREDITS.OBJ
C:\USERS\BREAKFAST\DESKTOP\YANN\YANN CREA 3èME ANNéE\CREASWEEPER\CREASWEEPER\CREASWEEPER\DEBUG_STATIC\CGAME.OBJ
C:\USERS\BREAKFAST\DESKTOP\YANN\YANN CREA 3èME ANNéE\CREASWEEPER\CREASWEEPER\CREASWEEPER\DEBUG_STATIC\CINTRO.OBJ
C:\USERS\BREAKFAST\DESKTOP\YANN\YANN CREA 3èME ANNéE\CREASWEEPER\CREASWEEPER\CREASWEEPER\DEBUG_STATIC\CMENU.OBJ
C:\USERS\BREAKFAST\DESKTOP\YANN\YANN CREA 3èME ANNéE\CREASWEEPER\CREASWEEPER\CREASWEEPER\DEBUG_STATIC\CNODE.OBJ
C:\USERS\BREAKFAST\DESKTOP\YANN\YANN CREA 3èME ANNéE\CREASWEEPER\CREASWEEPER\CREASWEEPER\DEBUG_STATIC\COPTIONS.OBJ
C:\USERS\BREAKFAST\DESKTOP\YANN\YANN CREA 3èME ANNéE\CREASWEEPER\CREASWEEPER\CREASWEEPER\DEBUG_STATIC\CPARTIE.OBJ
C:\USERS\BREAKFAST\DESKTOP\YANN\YANN CREA 3èME ANNéE\CREASWEEPER\CREASWEEPER\CREASWEEPER\DEBUG_STATIC\CPATHFINDER.OBJ
C:\USERS\BREAKFAST\DESKTOP\YANN\YANN CREA 3èME ANNéE\CREASWEEPER\CREASWEEPER\CREASWEEPER\DEBUG_STATIC\CPERSO.OBJ
C:\USERS\BREAKFAST\DESKTOP\YANN\YANN CREA 3èME ANNéE\CREASWEEPER\CREASWEEPER\CREASWEEPER\DEBUG_STATIC\CREASWEEPER.EXE.EMBED.MANIFEST.RES
C:\USERS\BREAKFAST\DESKTOP\YANN\YANN CREA 3èME ANNéE\CREASWEEPER\CREASWEEPER\CREASWEEPER\DEBUG_STATIC\CREASWEEPER.EXE.INTERMEDIATE.MANIFEST
C:\USERS\BREAKFAST\DESKTOP\YANN\YANN CREA 3èME ANNéE\CREASWEEPER\CREASWEEPER\CREASWEEPER\DEBUG_STATIC\CSCORES.OBJ
C:\USERS\BREAKFAST\DESKTOP\YANN\YANN CREA 3èME ANNéE\CREASWEEPER\CREASWEEPER\CREASWEEPER\DEBUG_STATIC\MAIN.OBJ
C:\USERS\BREAKFAST\DESKTOP\YANN\YANN CREA 3èME ANNéE\CREASWEEPER\CREASWEEPER\CREASWEEPER\DEBUG_STATIC\SPRITEMANAGER.OBJ
C:\USERS\BREAKFAST\DESKTOP\YANN\YANN CREA 3ÈME ANNÉE\CREASWEEPER\CREASWEEPER\CREASWEEPER\DEBUG_STATIC\VC100.PDB
D:\SVN\2012-2013\Sections\Prog3\Colaisseau Yann\Prog\TD\CreaSweeper\\bin\Debug_static\CreaSweeper.exe
D:\SVN\2012-2013\Sections\Prog3\Colaisseau Yann\Prog\TD\CreaSweeper\\bin\Debug_static\CreaSweeper.pdb
D:\SVN\2012-2013\SECTIONS\PROG3\COLAISSEAU YANN\PROG\TD\CREASWEEPER\BIN\DEBUG_STATIC\CREASWEEPER.EXE
D:\SVN\2012-2013\SECTIONS\PROG3\COLAISSEAU YANN\PROG\TD\CREASWEEPER\BIN\DEBUG_STATIC\CREASWEEPER.PDB
D:\SVN\2012-2013\SECTIONS\PROG3\COLAISSEAU YANN\PROG\TD\CREASWEEPER\CREASWEEPER\DEBUG_STATIC\CCREDITS.OBJ
D:\SVN\2012-2013\SECTIONS\PROG3\COLAISSEAU YANN\PROG\TD\CREASWEEPER\CREASWEEPER\DEBUG_STATIC\CGAME.OBJ
D:\SVN\2012-2013\SECTIONS\PROG3\COLAISSEAU YANN\PROG\TD\CREASWEEPER\CREASWEEPER\DEBUG_STATIC\CINTRO.OBJ
D:\SVN\2012-2013\Sections\Prog3\Colaisseau Yann\Prog\TD\CreaSweeper\CreaSweeper\Debug_static\cl.command.1.tlog
D:\SVN\2012-2013\Sections\Prog3\Colaisseau Yann\Prog\TD\CreaSweeper\CreaSweeper\Debug_static\CL.read.1.tlog
D:\SVN\2012-2013\Sections\Prog3\Colaisseau Yann\Prog\TD\CreaSweeper\CreaSweeper\Debug_static\CL.write.1.tlog
D:\SVN\2012-2013\SECTIONS\PROG3\COLAISSEAU YANN\PROG\TD\CREASWEEPER\CREASWEEPER\DEBUG_STATIC\CMENU.OBJ
D:\SVN\2012-2013\SECTIONS\PROG3\COLAISSEAU YANN\PROG\TD\CREASWEEPER\CREASWEEPER\DEBUG_STATIC\CNODE.OBJ
D:\SVN\2012-2013\SECTIONS\PROG3\COLAISSEAU YANN\PROG\TD\CREASWEEPER\CREASWEEPER\DEBUG_STATIC\COPTIONS.OBJ
D:\SVN\2012-2013\SECTIONS\PROG3\COLAISSEAU YANN\PROG\TD\CREASWEEPER\CREASWEEPER\DEBUG_STATIC\CPARTIE.OBJ
D:\SVN\2012-2013\SECTIONS\PROG3\COLAISSEAU YANN\PROG\TD\CREASWEEPER\CREASWEEPER\DEBUG_STATIC\CPATHFINDER.OBJ
D:\SVN\2012-2013\SECTIONS\PROG3\COLAISSEAU YANN\PROG\TD\CREASWEEPER\CREASWEEPER\DEBUG_STATIC\CPERSO.OBJ
D:\SVN\2012-2013\Sections\Prog3\Colaisseau Yann\Prog\TD\CreaSweeper\CreaSweeper\Debug_static\CreaSweeper.exe.embed.manifest
D:\SVN\2012-2013\SECTIONS\PROG3\COLAISSEAU YANN\PROG\TD\CREASWEEPER\CREASWEEPER\DEBUG_STATIC\CREASWEEPER.EXE.EMBED.MANIFEST.RES
D:\SVN\2012-2013\SECTIONS\PROG3\COLAISSEAU YANN\PROG\TD\CREASWEEPER\CREASWEEPER\DEBUG_STATIC\CREASWEEPER.EXE.INTERMEDIATE.MANIFEST
D:\SVN\2012-2013\Sections\Prog3\Colaisseau Yann\Prog\TD\CreaSweeper\CreaSweeper\Debug_static\CreaSweeper.vcxprojResolveAssemblyReference.cache
D:\SVN\2012-2013\Sections\Prog3\Colaisseau Yann\Prog\TD\CreaSweeper\CreaSweeper\Debug_static\CreaSweeper.write.1.tlog
D:\SVN\2012-2013\Sections\Prog3\Colaisseau Yann\Prog\TD\CreaSweeper\CreaSweeper\Debug_static\CreaSweeper_manifest.rc
D:\SVN\2012-2013\SECTIONS\PROG3\COLAISSEAU YANN\PROG\TD\CREASWEEPER\CREASWEEPER\DEBUG_STATIC\CSCORES.OBJ
D:\SVN\2012-2013\Sections\Prog3\Colaisseau Yann\Prog\TD\CreaSweeper\CreaSweeper\Debug_static\link.1812.read.1.tlog
D:\SVN\2012-2013\Sections\Prog3\Colaisseau Yann\Prog\TD\CreaSweeper\CreaSweeper\Debug_static\link.1812.write.1.tlog
D:\SVN\2012-2013\Sections\Prog3\Colaisseau Yann\Prog\TD\CreaSweeper\CreaSweeper\Debug_static\link.1812-cvtres.read.1.tlog
D:\SVN\2012-2013\Sections\Prog3\Colaisseau Yann\Prog\TD\CreaSweeper\CreaSweeper\Debug_static\link.1812-cvtres.write.1.tlog
D:\SVN\2012-2013\Sections\Prog3\Colaisseau Yann\Prog\TD\CreaSweeper\CreaSweeper\Debug_static\link.3268.read.1.tlog
D:\SVN\2012-2013\Sections\Prog3\Colaisseau Yann\Prog\TD\CreaSweeper\CreaSweeper\Debug_static\link.3268.write.1.tlog
D:\SVN\2012-2013\Sections\Prog3\Colaisseau Yann\Prog\TD\CreaSweeper\CreaSweeper\Debug_static\link.3268-cvtres.read.1.tlog
D:\SVN\2012-2013\Sections\Prog3\Colaisseau Yann\Prog\TD\CreaSweeper\CreaSweeper\Debug_static\link.3268-cvtres.write.1.tlog
D:\SVN\2012-2013\Sections\Prog3\Colaisseau Yann\Prog\TD\CreaSweeper\CreaSweeper\Debug_static\link.3916.read.1.tlog
D:\SVN\2012-2013\Sections\Prog3\Colaisseau Yann\Prog\TD\CreaSweeper\CreaSweeper\Debug_static\link.3916.write.1.tlog
D:\SVN\2012-2013\Sections\Prog3\Colaisseau Yann\Prog\TD\CreaSweeper\CreaSweeper\Debug_static\link.3916-cvtres.read.1.tlog
D:\SVN\2012-2013\Sections\Prog3\Colaisseau Yann\Prog\TD\CreaSweeper\CreaSweeper\Debug_static\link.3916-cvtres.write.1.tlog
D:\SVN\2012-2013\Sections\Prog3\Colaisseau Yann\Prog\TD\CreaSweeper\CreaSweeper\Debug_static\link.4256.read.1.tlog
D:\SVN\2012-2013\Sections\Prog3\Colaisseau Yann\Prog\TD\CreaSweeper\CreaSweeper\Debug_static\link.4256.write.1.tlog
D:\SVN\2012-2013\Sections\Prog3\Colaisseau Yann\Prog\TD\CreaSweeper\CreaSweeper\Debug_static\link.4256-cvtres.read.1.tlog
D:\SVN\2012-2013\Sections\Prog3\Colaisseau Yann\Prog\TD\CreaSweeper\CreaSweeper\Debug_static\link.4256-cvtres.write.1.tlog
D:\SVN\2012-2013\Sections\Prog3\Colaisseau Yann\Prog\TD\CreaSweeper\CreaSweeper\Debug_static\link.4260.read.1.tlog
D:\SVN\2012-2013\Sections\Prog3\Colaisseau Yann\Prog\TD\CreaSweeper\CreaSweeper\Debug_static\link.4260.write.1.tlog
D:\SVN\2012-2013\Sections\Prog3\Colaisseau Yann\Prog\TD\CreaSweeper\CreaSweeper\Debug_static\link.4260-cvtres.read.1.tlog
D:\SVN\2012-2013\Sections\Prog3\Colaisseau Yann\Prog\TD\CreaSweeper\CreaSweeper\Debug_static\link.4260-cvtres.write.1.tlog
D:\SVN\2012-2013\Sections\Prog3\Colaisseau Yann\Prog\TD\CreaSweeper\CreaSweeper\Debug_static\link.5820.read.1.tlog
D:\SVN\2012-2013\Sections\Prog3\Colaisseau Yann\Prog\TD\CreaSweeper\CreaSweeper\Debug_static\link.5820.write.1.tlog
D:\SVN\2012-2013\Sections\Prog3\Colaisseau Yann\Prog\TD\CreaSweeper\CreaSweeper\Debug_static\link.5820-cvtres.read.1.tlog
D:\SVN\2012-2013\Sections\Prog3\Colaisseau Yann\Prog\TD\CreaSweeper\CreaSweeper\Debug_static\link.5820-cvtres.write.1.tlog
D:\SVN\2012-2013\Sections\Prog3\Colaisseau Yann\Prog\TD\CreaSweeper\CreaSweeper\Debug_static\link.5860.read.1.tlog
D:\SVN\2012-2013\Sections\Prog3\Colaisseau Yann\Prog\TD\CreaSweeper\CreaSweeper\Debug_static\link.5860.write.1.tlog
D:\SVN\2012-2013\Sections\Prog3\Colaisseau Yann\Prog\TD\CreaSweeper\CreaSweeper\Debug_static\link.5860-cvtres.read.1.tlog
D:\SVN\2012-2013\Sections\Prog3\Colaisseau Yann\Prog\TD\CreaSweeper\CreaSweeper\Debug_static\link.5860-cvtres.write.1.tlog
D:\SVN\2012-2013\Sections\Prog3\Colaisseau Yann\Prog\TD\CreaSweeper\CreaSweeper\Debug_static\link.5964.read.1.tlog
D:\SVN\2012-2013\Sections\Prog3\Colaisseau Yann\Prog\TD\CreaSweeper\CreaSweeper\Debug_static\link.5964.write.1.tlog
D:\SVN\2012-2013\Sections\Prog3\Colaisseau Yann\Prog\TD\CreaSweeper\CreaSweeper\Debug_static\link.5964-cvtres.read.1.tlog
D:\SVN\2012-2013\Sections\Prog3\Colaisseau Yann\Prog\TD\CreaSweeper\CreaSweeper\Debug_static\link.5964-cvtres.write.1.tlog
D:\SVN\2012-2013\Sections\Prog3\Colaisseau Yann\Prog\TD\CreaSweeper\CreaSweeper\Debug_static\link.6072.read.1.tlog
D:\SVN\2012-2013\Sections\Prog3\Colaisseau Yann\Prog\TD\CreaSweeper\CreaSweeper\Debug_static\link.6072.write.1.tlog
D:\SVN\2012-2013\Sections\Prog3\Colaisseau Yann\Prog\TD\CreaSweeper\CreaSweeper\Debug_static\link.6072-cvtres.read.1.tlog
D:\SVN\2012-2013\Sections\Prog3\Colaisseau Yann\Prog\TD\CreaSweeper\CreaSweeper\Debug_static\link.6072-cvtres.write.1.tlog
D:\SVN\2012-2013\Sections\Prog3\Colaisseau Yann\Prog\TD\CreaSweeper\CreaSweeper\Debug_static\link.6516.read.1.tlog
D:\SVN\2012-2013\Sections\Prog3\Colaisseau Yann\Prog\TD\CreaSweeper\CreaSweeper\Debug_static\link.6516.write.1.tlog
D:\SVN\2012-2013\Sections\Prog3\Colaisseau Yann\Prog\TD\CreaSweeper\CreaSweeper\Debug_static\link.6516-cvtres.read.1.tlog
D:\SVN\2012-2013\Sections\Prog3\Colaisseau Yann\Prog\TD\CreaSweeper\CreaSweeper\Debug_static\link.6516-cvtres.write.1.tlog
D:\SVN\2012-2013\Sections\Prog3\Colaisseau Yann\Prog\TD\CreaSweeper\CreaSweeper\Debug_static\link.6872.read.1.tlog
D:\SVN\2012-2013\Sections\Prog3\Colaisseau Yann\Prog\TD\CreaSweeper\CreaSweeper\Debug_static\link.6872.write.1.tlog
D:\SVN\2012-2013\Sections\Prog3\Colaisseau Yann\Prog\TD\CreaSweeper\CreaSweeper\Debug_static\link.6872-cvtres.read.1.tlog
D:\SVN\2012-2013\Sections\Prog3\Colaisseau Yann\Prog\TD\CreaSweeper\CreaSweeper\Debug_static\link.6872-cvtres.write.1.tlog
D:\SVN\2012-2013\Sections\Prog3\Colaisseau Yann\Prog\TD\CreaSweeper\CreaSweeper\Debug_static\link.7204.read.1.tlog
D:\SVN\2012-2013\Sections\Prog3\Colaisseau Yann\Prog\TD\CreaSweeper\CreaSweeper\Debug_static\link.7204.write.1.tlog
D:\SVN\2012-2013\Sections\Prog3\Colaisseau Yann\Prog\TD\CreaSweeper\CreaSweeper\Debug_static\link.7204-cvtres.read.1.tlog
D:\SVN\2012-2013\Sections\Prog3\Colaisseau Yann\Prog\TD\CreaSweeper\CreaSweeper\Debug_static\link.7204-cvtres.write.1.tlog
D:\SVN\2012-2013\Sections\Prog3\Colaisseau Yann\Prog\TD\CreaSweeper\CreaSweeper\Debug_static\link.7272.read.1.tlog
D:\SVN\2012-2013\Sections\Prog3\Colaisseau Yann\Prog\TD\CreaSweeper\CreaSweeper\Debug_static\link.7272.write.1.tlog
D:\SVN\2012-2013\Sections\Prog3\Colaisseau Yann\Prog\TD\CreaSweeper\CreaSweeper\Debug_static\link.7272-cvtres.read.1.tlog
D:\SVN\2012-2013\Sections\Prog3\Colaisseau Yann\Prog\TD\CreaSweeper\CreaSweeper\Debug_static\link.7272-cvtres.write.1.tlog
D:\SVN\2012-2013\Sections\Prog3\Colaisseau Yann\Prog\TD\CreaSweeper\CreaSweeper\Debug_static\link.7308.read.1.tlog
D:\SVN\2012-2013\Sections\Prog3\Colaisseau Yann\Prog\TD\CreaSweeper\CreaSweeper\Debug_static\link.7308.write.1.tlog
D:\SVN\2012-2013\Sections\Prog3\Colaisseau Yann\Prog\TD\CreaSweeper\CreaSweeper\Debug_static\link.7308-cvtres.read.1.tlog
D:\SVN\2012-2013\Sections\Prog3\Colaisseau Yann\Prog\TD\CreaSweeper\CreaSweeper\Debug_static\link.7308-cvtres.write.1.tlog
D:\SVN\2012-2013\Sections\Prog3\Colaisseau Yann\Prog\TD\CreaSweeper\CreaSweeper\Debug_static\link.7492.read.1.tlog
D:\SVN\2012-2013\Sections\Prog3\Colaisseau Yann\Prog\TD\CreaSweeper\CreaSweeper\Debug_static\link.7492.write.1.tlog
D:\SVN\2012-2013\Sections\Prog3\Colaisseau Yann\Prog\TD\CreaSweeper\CreaSweeper\Debug_static\link.7492-cvtres.read.1.tlog
D:\SVN\2012-2013\Sections\Prog3\Colaisseau Yann\Prog\TD\CreaSweeper\CreaSweeper\Debug_static\link.7492-cvtres.write.1.tlog
D:\SVN\2012-2013\Sections\Prog3\Colaisseau Yann\Prog\TD\CreaSweeper\CreaSweeper\Debug_static\link.7760.read.1.tlog
D:\SVN\2012-2013\Sections\Prog3\Colaisseau Yann\Prog\TD\CreaSweeper\CreaSweeper\Debug_static\link.7760.write.1.tlog
D:\SVN\2012-2013\Sections\Prog3\Colaisseau Yann\Prog\TD\CreaSweeper\CreaSweeper\Debug_static\link.7760-cvtres.read.1.tlog
D:\SVN\2012-2013\Sections\Prog3\Colaisseau Yann\Prog\TD\CreaSweeper\CreaSweeper\Debug_static\link.7760-cvtres.write.1.tlog
D:\SVN\2012-2013\Sections\Prog3\Colaisseau Yann\Prog\TD\CreaSweeper\CreaSweeper\Debug_static\link.8056.read.1.tlog
D:\SVN\2012-2013\Sections\Prog3\Colaisseau Yann\Prog\TD\CreaSweeper\CreaSweeper\Debug_static\link.8056.write.1.tlog
D:\SVN\2012-2013\Sections\Prog3\Colaisseau Yann\Prog\TD\CreaSweeper\CreaSweeper\Debug_static\link.8056-cvtres.read.1.tlog
D:\SVN\2012-2013\Sections\Prog3\Colaisseau Yann\Prog\TD\CreaSweeper\CreaSweeper\Debug_static\link.8056-cvtres.write.1.tlog
D:\SVN\2012-2013\Sections\Prog3\Colaisseau Yann\Prog\TD\CreaSweeper\CreaSweeper\Debug_static\link.8072.read.1.tlog
D:\SVN\2012-2013\Sections\Prog3\Colaisseau Yann\Prog\TD\CreaSweeper\CreaSweeper\Debug_static\link.8072.write.1.tlog
D:\SVN\2012-2013\Sections\Prog3\Colaisseau Yann\Prog\TD\CreaSweeper\CreaSweeper\Debug_static\link.8072-cvtres.read.1.tlog
D:\SVN\2012-2013\Sections\Prog3\Colaisseau Yann\Prog\TD\CreaSweeper\CreaSweeper\Debug_static\link.8072-cvtres.write.1.tlog
D:\SVN\2012-2013\Sections\Prog3\Colaisseau Yann\Prog\TD\CreaSweeper\CreaSweeper\Debug_static\link.8108.read.1.tlog
D:\SVN\2012-2013\Sections\Prog3\Colaisseau Yann\Prog\TD\CreaSweeper\CreaSweeper\Debug_static\link.8108.write.1.tlog
D:\SVN\2012-2013\Sections\Prog3\Colaisseau Yann\Prog\TD\CreaSweeper\CreaSweeper\Debug_static\link.8108-cvtres.read.1.tlog
D:\SVN\2012-2013\Sections\Prog3\Colaisseau Yann\Prog\TD\CreaSweeper\CreaSweeper\Debug_static\link.8108-cvtres.write.1.tlog
D:\SVN\2012-2013\Sections\Prog3\Colaisseau Yann\Prog\TD\CreaSweeper\CreaSweeper\Debug_static\link.8232.read.1.tlog
D:\SVN\2012-2013\Sections\Prog3\Colaisseau Yann\Prog\TD\CreaSweeper\CreaSweeper\Debug_static\link.8232.write.1.tlog
D:\SVN\2012-2013\Sections\Prog3\Colaisseau Yann\Prog\TD\CreaSweeper\CreaSweeper\Debug_static\link.8232-cvtres.read.1.tlog
D:\SVN\2012-2013\Sections\Prog3\Colaisseau Yann\Prog\TD\CreaSweeper\CreaSweeper\Debug_static\link.8232-cvtres.write.1.tlog
D:\SVN\2012-2013\Sections\Prog3\Colaisseau Yann\Prog\TD\CreaSweeper\CreaSweeper\Debug_static\link.8292.read.1.tlog
D:\SVN\2012-2013\Sections\Prog3\Colaisseau Yann\Prog\TD\CreaSweeper\CreaSweeper\Debug_static\link.8292.write.1.tlog
D:\SVN\2012-2013\Sections\Prog3\Colaisseau Yann\Prog\TD\CreaSweeper\CreaSweeper\Debug_static\link.8292-cvtres.read.1.tlog
D:\SVN\2012-2013\Sections\Prog3\Colaisseau Yann\Prog\TD\CreaSweeper\CreaSweeper\Debug_static\link.8292-cvtres.write.1.tlog
D:\SVN\2012-2013\Sections\Prog3\Colaisseau Yann\Prog\TD\CreaSweeper\CreaSweeper\Debug_static\link.8320.read.1.tlog
D:\SVN\2012-2013\Sections\Prog3\Colaisseau Yann\Prog\TD\CreaSweeper\CreaSweeper\Debug_static\link.8320.write.1.tlog
D:\SVN\2012-2013\Sections\Prog3\Colaisseau Yann\Prog\TD\CreaSweeper\CreaSweeper\Debug_static\link.8320-cvtres.read.1.tlog
D:\SVN\2012-2013\Sections\Prog3\Colaisseau Yann\Prog\TD\CreaSweeper\CreaSweeper\Debug_static\link.8320-cvtres.write.1.tlog
D:\SVN\2012-2013\Sections\Prog3\Colaisseau Yann\Prog\TD\CreaSweeper\CreaSweeper\Debug_static\link.8784.read.1.tlog
D:\SVN\2012-2013\Sections\Prog3\Colaisseau Yann\Prog\TD\CreaSweeper\CreaSweeper\Debug_static\link.8784.write.1.tlog
D:\SVN\2012-2013\Sections\Prog3\Colaisseau Yann\Prog\TD\CreaSweeper\CreaSweeper\Debug_static\link.8784-cvtres.read.1.tlog
D:\SVN\2012-2013\Sections\Prog3\Colaisseau Yann\Prog\TD\CreaSweeper\CreaSweeper\Debug_static\link.8784-cvtres.write.1.tlog
D:\SVN\2012-2013\Sections\Prog3\Colaisseau Yann\Prog\TD\CreaSweeper\CreaSweeper\Debug_static\link.8964.read.1.tlog
D:\SVN\2012-2013\Sections\Prog3\Colaisseau Yann\Prog\TD\CreaSweeper\CreaSweeper\Debug_static\link.8964.write.1.tlog
D:\SVN\2012-2013\Sections\Prog3\Colaisseau Yann\Prog\TD\CreaSweeper\CreaSweeper\Debug_static\link.8964-cvtres.read.1.tlog
D:\SVN\2012-2013\Sections\Prog3\Colaisseau Yann\Prog\TD\CreaSweeper\CreaSweeper\Debug_static\link.8964-cvtres.write.1.tlog
D:\SVN\2012-2013\Sections\Prog3\Colaisseau Yann\Prog\TD\CreaSweeper\CreaSweeper\Debug_static\link.9124.read.1.tlog
D:\SVN\2012-2013\Sections\Prog3\Colaisseau Yann\Prog\TD\CreaSweeper\CreaSweeper\Debug_static\link.9124.write.1.tlog
D:\SVN\2012-2013\Sections\Prog3\Colaisseau Yann\Prog\TD\CreaSweeper\CreaSweeper\Debug_static\link.9124-cvtres.read.1.tlog
D:\SVN\2012-2013\Sections\Prog3\Colaisseau Yann\Prog\TD\CreaSweeper\CreaSweeper\Debug_static\link.9124-cvtres.write.1.tlog
D:\SVN\2012-2013\Sections\Prog3\Colaisseau Yann\Prog\TD\CreaSweeper\CreaSweeper\Debug_static\link.command.1.tlog
D:\SVN\2012-2013\Sections\Prog3\Colaisseau Yann\Prog\TD\CreaSweeper\CreaSweeper\Debug_static\link.read.1.tlog
D:\SVN\2012-2013\Sections\Prog3\Colaisseau Yann\Prog\TD\CreaSweeper\CreaSweeper\Debug_static\link.write.1.tlog
D:\SVN\2012-2013\Sections\Prog3\Colaisseau Yann\Prog\TD\CreaSweeper\CreaSweeper\Debug_static\link-cvtres.read.1.tlog
D:\SVN\2012-2013\Sections\Prog3\Colaisseau Yann\Prog\TD\CreaSweeper\CreaSweeper\Debug_static\link-cvtres.write.1.tlog
D:\SVN\2012-2013\SECTIONS\PROG3\COLAISSEAU YANN\PROG\TD\CREASWEEPER\CREASWEEPER\DEBUG_STATIC\MAIN.OBJ
D:\SVN\2012-2013\Sections\Prog3\Colaisseau Yann\Prog\TD\CreaSweeper\CreaSweeper\Debug_static\mt.command.1.tlog
D:\SVN\2012-2013\Sections\Prog3\Colaisseau Yann\Prog\TD\CreaSweeper\CreaSweeper\Debug_static\mt.read.1.tlog
D:\SVN\2012-2013\Sections\Prog3\Colaisseau Yann\Prog\TD\CreaSweeper\CreaSweeper\Debug_static\mt.write.1.tlog
D:\SVN\2012-2013\Sections\Prog3\Colaisseau Yann\Prog\TD\CreaSweeper\CreaSweeper\Debug_static\rc.command.1.tlog
D:\SVN\2012-2013\Sections\Prog3\Colaisseau Yann\Prog\TD\CreaSweeper\CreaSweeper\Debug_static\rc.read.1.tlog
D:\SVN\2012-2013\Sections\Prog3\Colaisseau Yann\Prog\TD\CreaSweeper\CreaSweeper\Debug_static\rc.write.1.tlog
D:\SVN\2012-2013\SECTIONS\PROG3\COLAISSEAU YANN\PROG\TD\CREASWEEPER\CREASWEEPER\DEBUG_STATIC\SPRITEMANAGER.OBJ
D:\SVN\2012-2013\Sections\Prog3\Colaisseau Yann\Prog\TD\CreaSweeper\CreaSweeper\Debug_static\vc100.idb
D:\SVN\2012-2013\SECTIONS\PROG3\COLAISSEAU YANN\PROG\TD\CREASWEEPER\CREASWEEPER\DEBUG_STATIC\VC100.PDB
