La génération a démarré 28/11/2012 14:10:15.
     1>Projet "D:\SVN\2012-2013\Sections\Prog3\Colaisseau Yann\Prog\TD\CreaSweeper\CreaSweeper\CreaSweeper.vcxproj" sur le nœud 2 (build cible(s)).
     1>C:\Program Files (x86)\MSBuild\Microsoft.Cpp\v4.0\Microsoft.CppBuild.targets(299,5): warning MSB8004: Le répertoire Output ne se termine pas par une barre oblique finale.  Cette instance de build ajoutera une barre oblique, comme requis, pour permettre l'évaluation correcte du répertoire Output.
     1>InitializeBuildStatus:
         Création de "Debug_static\CreaSweeper.unsuccessfulbuild", car "AlwaysCreate" a été spécifié.
       ClCompile:
         C:\Program Files (x86)\Microsoft Visual Studio 10.0\VC\bin\CL.exe /c /I"D:\SVN\2012-2013\Sections\Prog3\Colaisseau Yann\Prog\TD\CreaSweeper\\bin\Debug_static\\..\..\CreaSweeper\include" /ZI /nologo /W3 /WX- /Od /Oy- /D SFML_STATIC /D WIN32 /D _DEBUG /D _CONSOLE /D _WINDOWS /D _UNICODE /D UNICODE /Gm /EHsc /RTC1 /MDd /GS /fp:precise /Zc:wchar_t /Zc:forScope /Fo"Debug_static\\" /Fd"Debug_static\vc100.pdb" /Gd /TP /analyze- /errorReport:prompt CGame.cpp Ccredits.cpp Cintro.cpp Cmenu.cpp Cnode.cpp Coptions.cpp Cpartie.cpp CpathFinder.cpp Cperso.cpp Cscores.cpp SpriteManager.cpp main.cpp
         Cpartie.cpp
     1>d:\svn\2012-2013\sections\prog3\colaisseau yann\prog\td\creasweeper\creasweeper\cscores.hpp(17): warning C4091: 'typedef ' : ignoré à gauche de 'T_Score' quand aucune variable n'est déclarée
         Génération de code en cours...
         Compilation en cours...
         main.cpp
     1>d:\svn\2012-2013\sections\prog3\colaisseau yann\prog\td\creasweeper\creasweeper\cscores.hpp(17): warning C4091: 'typedef ' : ignoré à gauche de 'T_Score' quand aucune variable n'est déclarée
     1>d:\svn\2012-2013\sections\prog3\colaisseau yann\prog\td\creasweeper\creasweeper\main.cpp(7): warning C4244: 'argument' : conversion de 'time_t' en 'unsigned int', perte possible de données
         SpriteManager.cpp
         Cscores.cpp
     1>d:\svn\2012-2013\sections\prog3\colaisseau yann\prog\td\creasweeper\creasweeper\cscores.hpp(17): warning C4091: 'typedef ' : ignoré à gauche de 'T_Score' quand aucune variable n'est déclarée
         Cperso.cpp
         CpathFinder.cpp
     1>d:\svn\2012-2013\sections\prog3\colaisseau yann\prog\td\creasweeper\creasweeper\cpathfinder.cpp(196): warning C4018: '<' : incompatibilité signed/unsigned
     1>d:\svn\2012-2013\sections\prog3\colaisseau yann\prog\td\creasweeper\creasweeper\cpathfinder.cpp(212): warning C4018: '<' : incompatibilité signed/unsigned
     1>d:\svn\2012-2013\sections\prog3\colaisseau yann\prog\td\creasweeper\creasweeper\cpathfinder.cpp(246): warning C4018: '<' : incompatibilité signed/unsigned
     1>d:\svn\2012-2013\sections\prog3\colaisseau yann\prog\td\creasweeper\creasweeper\cpathfinder.cpp(341): warning C4018: '<' : incompatibilité signed/unsigned
     1>d:\svn\2012-2013\sections\prog3\colaisseau yann\prog\td\creasweeper\creasweeper\cpathfinder.cpp(355): warning C4018: '<' : incompatibilité signed/unsigned
         Coptions.cpp
         Cnode.cpp
         Cmenu.cpp
         Cintro.cpp
         Ccredits.cpp
         CGame.cpp
     1>d:\svn\2012-2013\sections\prog3\colaisseau yann\prog\td\creasweeper\creasweeper\cscores.hpp(17): warning C4091: 'typedef ' : ignoré à gauche de 'T_Score' quand aucune variable n'est déclarée
         Génération de code en cours...
       Link:
         C:\Program Files (x86)\Microsoft Visual Studio 10.0\VC\bin\link.exe /ERRORREPORT:PROMPT /OUT:"D:\SVN\2012-2013\Sections\Prog3\Colaisseau Yann\Prog\TD\CreaSweeper\\bin\Debug_static\CreaSweeper.exe" /INCREMENTAL:NO /NOLOGO /LIBPATH:"D:\SVN\2012-2013\Sections\Prog3\Colaisseau Yann\Prog\TD\CreaSweeper\\bin\Debug_static\\..\..\CreaSweeper\lib" "sfml-audio-s-d.lib" "sfml-graphics-s-d.lib" "sfml-main-d.lib" "sfml-network-s-d.lib" "sfml-system-s-d.lib" "sfml-window-s-d.lib" kernel32.lib user32.lib gdi32.lib winspool.lib comdlg32.lib advapi32.lib shell32.lib ole32.lib oleaut32.lib uuid.lib odbc32.lib odbccp32.lib /MANIFEST /ManifestFile:"Debug_static\CreaSweeper.exe.intermediate.manifest" /MANIFESTUAC:"level='asInvoker' uiAccess='false'" /DEBUG /PDB:"D:\SVN\2012-2013\Sections\Prog3\Colaisseau Yann\Prog\TD\CreaSweeper\bin\Debug_static\CreaSweeper.pdb" /SUBSYSTEM:CONSOLE /TLBID:1 /DYNAMICBASE /NXCOMPAT /IMPLIB:"D:\SVN\2012-2013\Sections\Prog3\Colaisseau Yann\Prog\TD\CreaSweeper\\bin\Debug_static\CreaSweeper.lib" /MACHINE:X86 Debug_static\Ccredits.obj
         Debug_static\CGame.obj
         Debug_static\Cintro.obj
         Debug_static\Cmenu.obj
         Debug_static\Cnode.obj
         Debug_static\Coptions.obj
         Debug_static\Cpartie.obj
         Debug_static\CpathFinder.obj
         Debug_static\Cperso.obj
         Debug_static\Cscores.obj
         Debug_static\main.obj
         Debug_static\SpriteManager.obj
     1>Ccredits.obj : warning LNK4075: ' /EDITANDCONTINUE' ignoré à cause de la spécification '/INCREMENTAL:NO'
     1>LINK : warning LNK4098: conflit entre la bibliothèque par défaut 'LIBCMT' et les autres bibliothèques ; utilisez /NODEFAULTLIB:library
     1>sfml-audio-s-d.lib(ALCheck.cpp.obj) : warning LNK4099: PDB 'sfml-audio-s-d.pdb' n'a pu être trouvé avec 'sfml-audio-s-d.lib(ALCheck.cpp.obj)' ou sur 'D:\SVN\2012-2013\Sections\Prog3\Colaisseau Yann\Prog\TD\CreaSweeper\bin\Debug_static\sfml-audio-s-d.pdb' ; l'objet sera lié sans informations de débogage
     1>sfml-audio-s-d.lib(AudioDevice.cpp.obj) : warning LNK4099: PDB 'sfml-audio-s-d.pdb' n'a pu être trouvé avec 'sfml-audio-s-d.lib(AudioDevice.cpp.obj)' ou sur 'D:\SVN\2012-2013\Sections\Prog3\Colaisseau Yann\Prog\TD\CreaSweeper\bin\Debug_static\sfml-audio-s-d.pdb' ; l'objet sera lié sans informations de débogage
     1>sfml-audio-s-d.lib(Music.cpp.obj) : warning LNK4099: PDB 'sfml-audio-s-d.pdb' n'a pu être trouvé avec 'sfml-audio-s-d.lib(Music.cpp.obj)' ou sur 'D:\SVN\2012-2013\Sections\Prog3\Colaisseau Yann\Prog\TD\CreaSweeper\bin\Debug_static\sfml-audio-s-d.pdb' ; l'objet sera lié sans informations de débogage
     1>sfml-audio-s-d.lib(SoundFile.cpp.obj) : warning LNK4099: PDB 'sfml-audio-s-d.pdb' n'a pu être trouvé avec 'sfml-audio-s-d.lib(SoundFile.cpp.obj)' ou sur 'D:\SVN\2012-2013\Sections\Prog3\Colaisseau Yann\Prog\TD\CreaSweeper\bin\Debug_static\sfml-audio-s-d.pdb' ; l'objet sera lié sans informations de débogage
     1>sfml-audio-s-d.lib(SoundSource.cpp.obj) : warning LNK4099: PDB 'sfml-audio-s-d.pdb' n'a pu être trouvé avec 'sfml-audio-s-d.lib(SoundSource.cpp.obj)' ou sur 'D:\SVN\2012-2013\Sections\Prog3\Colaisseau Yann\Prog\TD\CreaSweeper\bin\Debug_static\sfml-audio-s-d.pdb' ; l'objet sera lié sans informations de débogage
     1>sfml-audio-s-d.lib(SoundStream.cpp.obj) : warning LNK4099: PDB 'sfml-audio-s-d.pdb' n'a pu être trouvé avec 'sfml-audio-s-d.lib(SoundStream.cpp.obj)' ou sur 'D:\SVN\2012-2013\Sections\Prog3\Colaisseau Yann\Prog\TD\CreaSweeper\bin\Debug_static\sfml-audio-s-d.pdb' ; l'objet sera lié sans informations de débogage
     1>sfml-graphics-s-d.lib(Color.cpp.obj) : warning LNK4099: PDB 'sfml-graphics-s-d.pdb' n'a pu être trouvé avec 'sfml-graphics-s-d.lib(Color.cpp.obj)' ou sur 'D:\SVN\2012-2013\Sections\Prog3\Colaisseau Yann\Prog\TD\CreaSweeper\bin\Debug_static\sfml-graphics-s-d.pdb' ; l'objet sera lié sans informations de débogage
     1>sfml-graphics-s-d.lib(Font.cpp.obj) : warning LNK4099: PDB 'sfml-graphics-s-d.pdb' n'a pu être trouvé avec 'sfml-graphics-s-d.lib(Font.cpp.obj)' ou sur 'D:\SVN\2012-2013\Sections\Prog3\Colaisseau Yann\Prog\TD\CreaSweeper\bin\Debug_static\sfml-graphics-s-d.pdb' ; l'objet sera lié sans informations de débogage
     1>sfml-graphics-s-d.lib(GLCheck.cpp.obj) : warning LNK4099: PDB 'sfml-graphics-s-d.pdb' n'a pu être trouvé avec 'sfml-graphics-s-d.lib(GLCheck.cpp.obj)' ou sur 'D:\SVN\2012-2013\Sections\Prog3\Colaisseau Yann\Prog\TD\CreaSweeper\bin\Debug_static\sfml-graphics-s-d.pdb' ; l'objet sera lié sans informations de débogage
     1>sfml-graphics-s-d.lib(Image.cpp.obj) : warning LNK4099: PDB 'sfml-graphics-s-d.pdb' n'a pu être trouvé avec 'sfml-graphics-s-d.lib(Image.cpp.obj)' ou sur 'D:\SVN\2012-2013\Sections\Prog3\Colaisseau Yann\Prog\TD\CreaSweeper\bin\Debug_static\sfml-graphics-s-d.pdb' ; l'objet sera lié sans informations de débogage
     1>sfml-graphics-s-d.lib(ImageLoader.cpp.obj) : warning LNK4099: PDB 'sfml-graphics-s-d.pdb' n'a pu être trouvé avec 'sfml-graphics-s-d.lib(ImageLoader.cpp.obj)' ou sur 'D:\SVN\2012-2013\Sections\Prog3\Colaisseau Yann\Prog\TD\CreaSweeper\bin\Debug_static\sfml-graphics-s-d.pdb' ; l'objet sera lié sans informations de débogage
     1>sfml-graphics-s-d.lib(RenderStates.cpp.obj) : warning LNK4099: PDB 'sfml-graphics-s-d.pdb' n'a pu être trouvé avec 'sfml-graphics-s-d.lib(RenderStates.cpp.obj)' ou sur 'D:\SVN\2012-2013\Sections\Prog3\Colaisseau Yann\Prog\TD\CreaSweeper\bin\Debug_static\sfml-graphics-s-d.pdb' ; l'objet sera lié sans informations de débogage
     1>sfml-graphics-s-d.lib(RenderTarget.cpp.obj) : warning LNK4099: PDB 'sfml-graphics-s-d.pdb' n'a pu être trouvé avec 'sfml-graphics-s-d.lib(RenderTarget.cpp.obj)' ou sur 'D:\SVN\2012-2013\Sections\Prog3\Colaisseau Yann\Prog\TD\CreaSweeper\bin\Debug_static\sfml-graphics-s-d.pdb' ; l'objet sera lié sans informations de débogage
     1>sfml-graphics-s-d.lib(RenderWindow.cpp.obj) : warning LNK4099: PDB 'sfml-graphics-s-d.pdb' n'a pu être trouvé avec 'sfml-graphics-s-d.lib(RenderWindow.cpp.obj)' ou sur 'D:\SVN\2012-2013\Sections\Prog3\Colaisseau Yann\Prog\TD\CreaSweeper\bin\Debug_static\sfml-graphics-s-d.pdb' ; l'objet sera lié sans informations de débogage
     1>sfml-graphics-s-d.lib(Shader.cpp.obj) : warning LNK4099: PDB 'sfml-graphics-s-d.pdb' n'a pu être trouvé avec 'sfml-graphics-s-d.lib(Shader.cpp.obj)' ou sur 'D:\SVN\2012-2013\Sections\Prog3\Colaisseau Yann\Prog\TD\CreaSweeper\bin\Debug_static\sfml-graphics-s-d.pdb' ; l'objet sera lié sans informations de débogage
     1>sfml-graphics-s-d.lib(Shape.cpp.obj) : warning LNK4099: PDB 'sfml-graphics-s-d.pdb' n'a pu être trouvé avec 'sfml-graphics-s-d.lib(Shape.cpp.obj)' ou sur 'D:\SVN\2012-2013\Sections\Prog3\Colaisseau Yann\Prog\TD\CreaSweeper\bin\Debug_static\sfml-graphics-s-d.pdb' ; l'objet sera lié sans informations de débogage
     1>sfml-graphics-s-d.lib(RectangleShape.cpp.obj) : warning LNK4099: PDB 'sfml-graphics-s-d.pdb' n'a pu être trouvé avec 'sfml-graphics-s-d.lib(RectangleShape.cpp.obj)' ou sur 'D:\SVN\2012-2013\Sections\Prog3\Colaisseau Yann\Prog\TD\CreaSweeper\bin\Debug_static\sfml-graphics-s-d.pdb' ; l'objet sera lié sans informations de débogage
     1>sfml-graphics-s-d.lib(Sprite.cpp.obj) : warning LNK4099: PDB 'sfml-graphics-s-d.pdb' n'a pu être trouvé avec 'sfml-graphics-s-d.lib(Sprite.cpp.obj)' ou sur 'D:\SVN\2012-2013\Sections\Prog3\Colaisseau Yann\Prog\TD\CreaSweeper\bin\Debug_static\sfml-graphics-s-d.pdb' ; l'objet sera lié sans informations de débogage
     1>sfml-graphics-s-d.lib(Text.cpp.obj) : warning LNK4099: PDB 'sfml-graphics-s-d.pdb' n'a pu être trouvé avec 'sfml-graphics-s-d.lib(Text.cpp.obj)' ou sur 'D:\SVN\2012-2013\Sections\Prog3\Colaisseau Yann\Prog\TD\CreaSweeper\bin\Debug_static\sfml-graphics-s-d.pdb' ; l'objet sera lié sans informations de débogage
     1>sfml-graphics-s-d.lib(Texture.cpp.obj) : warning LNK4099: PDB 'sfml-graphics-s-d.pdb' n'a pu être trouvé avec 'sfml-graphics-s-d.lib(Texture.cpp.obj)' ou sur 'D:\SVN\2012-2013\Sections\Prog3\Colaisseau Yann\Prog\TD\CreaSweeper\bin\Debug_static\sfml-graphics-s-d.pdb' ; l'objet sera lié sans informations de débogage
     1>sfml-graphics-s-d.lib(TextureSaver.cpp.obj) : warning LNK4099: PDB 'sfml-graphics-s-d.pdb' n'a pu être trouvé avec 'sfml-graphics-s-d.lib(TextureSaver.cpp.obj)' ou sur 'D:\SVN\2012-2013\Sections\Prog3\Colaisseau Yann\Prog\TD\CreaSweeper\bin\Debug_static\sfml-graphics-s-d.pdb' ; l'objet sera lié sans informations de débogage
     1>sfml-graphics-s-d.lib(Transform.cpp.obj) : warning LNK4099: PDB 'sfml-graphics-s-d.pdb' n'a pu être trouvé avec 'sfml-graphics-s-d.lib(Transform.cpp.obj)' ou sur 'D:\SVN\2012-2013\Sections\Prog3\Colaisseau Yann\Prog\TD\CreaSweeper\bin\Debug_static\sfml-graphics-s-d.pdb' ; l'objet sera lié sans informations de débogage
     1>sfml-graphics-s-d.lib(Transformable.cpp.obj) : warning LNK4099: PDB 'sfml-graphics-s-d.pdb' n'a pu être trouvé avec 'sfml-graphics-s-d.lib(Transformable.cpp.obj)' ou sur 'D:\SVN\2012-2013\Sections\Prog3\Colaisseau Yann\Prog\TD\CreaSweeper\bin\Debug_static\sfml-graphics-s-d.pdb' ; l'objet sera lié sans informations de débogage
     1>sfml-graphics-s-d.lib(View.cpp.obj) : warning LNK4099: PDB 'sfml-graphics-s-d.pdb' n'a pu être trouvé avec 'sfml-graphics-s-d.lib(View.cpp.obj)' ou sur 'D:\SVN\2012-2013\Sections\Prog3\Colaisseau Yann\Prog\TD\CreaSweeper\bin\Debug_static\sfml-graphics-s-d.pdb' ; l'objet sera lié sans informations de débogage
     1>sfml-graphics-s-d.lib(Vertex.cpp.obj) : warning LNK4099: PDB 'sfml-graphics-s-d.pdb' n'a pu être trouvé avec 'sfml-graphics-s-d.lib(Vertex.cpp.obj)' ou sur 'D:\SVN\2012-2013\Sections\Prog3\Colaisseau Yann\Prog\TD\CreaSweeper\bin\Debug_static\sfml-graphics-s-d.pdb' ; l'objet sera lié sans informations de débogage
     1>sfml-graphics-s-d.lib(VertexArray.cpp.obj) : warning LNK4099: PDB 'sfml-graphics-s-d.pdb' n'a pu être trouvé avec 'sfml-graphics-s-d.lib(VertexArray.cpp.obj)' ou sur 'D:\SVN\2012-2013\Sections\Prog3\Colaisseau Yann\Prog\TD\CreaSweeper\bin\Debug_static\sfml-graphics-s-d.pdb' ; l'objet sera lié sans informations de débogage
     1>sfml-system-s-d.lib(Clock.cpp.obj) : warning LNK4099: PDB 'sfml-system-s-d.pdb' n'a pu être trouvé avec 'sfml-system-s-d.lib(Clock.cpp.obj)' ou sur 'D:\SVN\2012-2013\Sections\Prog3\Colaisseau Yann\Prog\TD\CreaSweeper\bin\Debug_static\sfml-system-s-d.pdb' ; l'objet sera lié sans informations de débogage
     1>sfml-system-s-d.lib(Err.cpp.obj) : warning LNK4099: PDB 'sfml-system-s-d.pdb' n'a pu être trouvé avec 'sfml-system-s-d.lib(Err.cpp.obj)' ou sur 'D:\SVN\2012-2013\Sections\Prog3\Colaisseau Yann\Prog\TD\CreaSweeper\bin\Debug_static\sfml-system-s-d.pdb' ; l'objet sera lié sans informations de débogage
     1>sfml-system-s-d.lib(Lock.cpp.obj) : warning LNK4099: PDB 'sfml-system-s-d.pdb' n'a pu être trouvé avec 'sfml-system-s-d.lib(Lock.cpp.obj)' ou sur 'D:\SVN\2012-2013\Sections\Prog3\Colaisseau Yann\Prog\TD\CreaSweeper\bin\Debug_static\sfml-system-s-d.pdb' ; l'objet sera lié sans informations de débogage
     1>sfml-system-s-d.lib(Mutex.cpp.obj) : warning LNK4099: PDB 'sfml-system-s-d.pdb' n'a pu être trouvé avec 'sfml-system-s-d.lib(Mutex.cpp.obj)' ou sur 'D:\SVN\2012-2013\Sections\Prog3\Colaisseau Yann\Prog\TD\CreaSweeper\bin\Debug_static\sfml-system-s-d.pdb' ; l'objet sera lié sans informations de débogage
     1>sfml-system-s-d.lib(Sleep.cpp.obj) : warning LNK4099: PDB 'sfml-system-s-d.pdb' n'a pu être trouvé avec 'sfml-system-s-d.lib(Sleep.cpp.obj)' ou sur 'D:\SVN\2012-2013\Sections\Prog3\Colaisseau Yann\Prog\TD\CreaSweeper\bin\Debug_static\sfml-system-s-d.pdb' ; l'objet sera lié sans informations de débogage
     1>sfml-system-s-d.lib(String.cpp.obj) : warning LNK4099: PDB 'sfml-system-s-d.pdb' n'a pu être trouvé avec 'sfml-system-s-d.lib(String.cpp.obj)' ou sur 'D:\SVN\2012-2013\Sections\Prog3\Colaisseau Yann\Prog\TD\CreaSweeper\bin\Debug_static\sfml-system-s-d.pdb' ; l'objet sera lié sans informations de débogage
     1>sfml-system-s-d.lib(Thread.cpp.obj) : warning LNK4099: PDB 'sfml-system-s-d.pdb' n'a pu être trouvé avec 'sfml-system-s-d.lib(Thread.cpp.obj)' ou sur 'D:\SVN\2012-2013\Sections\Prog3\Colaisseau Yann\Prog\TD\CreaSweeper\bin\Debug_static\sfml-system-s-d.pdb' ; l'objet sera lié sans informations de débogage
     1>sfml-system-s-d.lib(ThreadLocal.cpp.obj) : warning LNK4099: PDB 'sfml-system-s-d.pdb' n'a pu être trouvé avec 'sfml-system-s-d.lib(ThreadLocal.cpp.obj)' ou sur 'D:\SVN\2012-2013\Sections\Prog3\Colaisseau Yann\Prog\TD\CreaSweeper\bin\Debug_static\sfml-system-s-d.pdb' ; l'objet sera lié sans informations de débogage
     1>sfml-system-s-d.lib(Time.cpp.obj) : warning LNK4099: PDB 'sfml-system-s-d.pdb' n'a pu être trouvé avec 'sfml-system-s-d.lib(Time.cpp.obj)' ou sur 'D:\SVN\2012-2013\Sections\Prog3\Colaisseau Yann\Prog\TD\CreaSweeper\bin\Debug_static\sfml-system-s-d.pdb' ; l'objet sera lié sans informations de débogage
     1>sfml-system-s-d.lib(ClockImpl.cpp.obj) : warning LNK4099: PDB 'sfml-system-s-d.pdb' n'a pu être trouvé avec 'sfml-system-s-d.lib(ClockImpl.cpp.obj)' ou sur 'D:\SVN\2012-2013\Sections\Prog3\Colaisseau Yann\Prog\TD\CreaSweeper\bin\Debug_static\sfml-system-s-d.pdb' ; l'objet sera lié sans informations de débogage
     1>sfml-system-s-d.lib(MutexImpl.cpp.obj) : warning LNK4099: PDB 'sfml-system-s-d.pdb' n'a pu être trouvé avec 'sfml-system-s-d.lib(MutexImpl.cpp.obj)' ou sur 'D:\SVN\2012-2013\Sections\Prog3\Colaisseau Yann\Prog\TD\CreaSweeper\bin\Debug_static\sfml-system-s-d.pdb' ; l'objet sera lié sans informations de débogage
     1>sfml-system-s-d.lib(SleepImpl.cpp.obj) : warning LNK4099: PDB 'sfml-system-s-d.pdb' n'a pu être trouvé avec 'sfml-system-s-d.lib(SleepImpl.cpp.obj)' ou sur 'D:\SVN\2012-2013\Sections\Prog3\Colaisseau Yann\Prog\TD\CreaSweeper\bin\Debug_static\sfml-system-s-d.pdb' ; l'objet sera lié sans informations de débogage
     1>sfml-system-s-d.lib(ThreadImpl.cpp.obj) : warning LNK4099: PDB 'sfml-system-s-d.pdb' n'a pu être trouvé avec 'sfml-system-s-d.lib(ThreadImpl.cpp.obj)' ou sur 'D:\SVN\2012-2013\Sections\Prog3\Colaisseau Yann\Prog\TD\CreaSweeper\bin\Debug_static\sfml-system-s-d.pdb' ; l'objet sera lié sans informations de débogage
     1>sfml-system-s-d.lib(ThreadLocalImpl.cpp.obj) : warning LNK4099: PDB 'sfml-system-s-d.pdb' n'a pu être trouvé avec 'sfml-system-s-d.lib(ThreadLocalImpl.cpp.obj)' ou sur 'D:\SVN\2012-2013\Sections\Prog3\Colaisseau Yann\Prog\TD\CreaSweeper\bin\Debug_static\sfml-system-s-d.pdb' ; l'objet sera lié sans informations de débogage
     1>sfml-window-s-d.lib(GlContext.cpp.obj) : warning LNK4099: PDB 'sfml-window-s-d.pdb' n'a pu être trouvé avec 'sfml-window-s-d.lib(GlContext.cpp.obj)' ou sur 'D:\SVN\2012-2013\Sections\Prog3\Colaisseau Yann\Prog\TD\CreaSweeper\bin\Debug_static\sfml-window-s-d.pdb' ; l'objet sera lié sans informations de débogage
     1>sfml-window-s-d.lib(GlResource.cpp.obj) : warning LNK4099: PDB 'sfml-window-s-d.pdb' n'a pu être trouvé avec 'sfml-window-s-d.lib(GlResource.cpp.obj)' ou sur 'D:\SVN\2012-2013\Sections\Prog3\Colaisseau Yann\Prog\TD\CreaSweeper\bin\Debug_static\sfml-window-s-d.pdb' ; l'objet sera lié sans informations de débogage
     1>sfml-window-s-d.lib(JoystickManager.cpp.obj) : warning LNK4099: PDB 'sfml-window-s-d.pdb' n'a pu être trouvé avec 'sfml-window-s-d.lib(JoystickManager.cpp.obj)' ou sur 'D:\SVN\2012-2013\Sections\Prog3\Colaisseau Yann\Prog\TD\CreaSweeper\bin\Debug_static\sfml-window-s-d.pdb' ; l'objet sera lié sans informations de débogage
     1>sfml-window-s-d.lib(VideoMode.cpp.obj) : warning LNK4099: PDB 'sfml-window-s-d.pdb' n'a pu être trouvé avec 'sfml-window-s-d.lib(VideoMode.cpp.obj)' ou sur 'D:\SVN\2012-2013\Sections\Prog3\Colaisseau Yann\Prog\TD\CreaSweeper\bin\Debug_static\sfml-window-s-d.pdb' ; l'objet sera lié sans informations de débogage
     1>sfml-window-s-d.lib(Window.cpp.obj) : warning LNK4099: PDB 'sfml-window-s-d.pdb' n'a pu être trouvé avec 'sfml-window-s-d.lib(Window.cpp.obj)' ou sur 'D:\SVN\2012-2013\Sections\Prog3\Colaisseau Yann\Prog\TD\CreaSweeper\bin\Debug_static\sfml-window-s-d.pdb' ; l'objet sera lié sans informations de débogage
     1>sfml-window-s-d.lib(WindowImpl.cpp.obj) : warning LNK4099: PDB 'sfml-window-s-d.pdb' n'a pu être trouvé avec 'sfml-window-s-d.lib(WindowImpl.cpp.obj)' ou sur 'D:\SVN\2012-2013\Sections\Prog3\Colaisseau Yann\Prog\TD\CreaSweeper\bin\Debug_static\sfml-window-s-d.pdb' ; l'objet sera lié sans informations de débogage
     1>sfml-window-s-d.lib(WglContext.cpp.obj) : warning LNK4099: PDB 'sfml-window-s-d.pdb' n'a pu être trouvé avec 'sfml-window-s-d.lib(WglContext.cpp.obj)' ou sur 'D:\SVN\2012-2013\Sections\Prog3\Colaisseau Yann\Prog\TD\CreaSweeper\bin\Debug_static\sfml-window-s-d.pdb' ; l'objet sera lié sans informations de débogage
     1>sfml-window-s-d.lib(JoystickImpl.cpp.obj) : warning LNK4099: PDB 'sfml-window-s-d.pdb' n'a pu être trouvé avec 'sfml-window-s-d.lib(JoystickImpl.cpp.obj)' ou sur 'D:\SVN\2012-2013\Sections\Prog3\Colaisseau Yann\Prog\TD\CreaSweeper\bin\Debug_static\sfml-window-s-d.pdb' ; l'objet sera lié sans informations de débogage
     1>sfml-window-s-d.lib(VideoModeImpl.cpp.obj) : warning LNK4099: PDB 'sfml-window-s-d.pdb' n'a pu être trouvé avec 'sfml-window-s-d.lib(VideoModeImpl.cpp.obj)' ou sur 'D:\SVN\2012-2013\Sections\Prog3\Colaisseau Yann\Prog\TD\CreaSweeper\bin\Debug_static\sfml-window-s-d.pdb' ; l'objet sera lié sans informations de débogage
     1>sfml-window-s-d.lib(WindowImplWin32.cpp.obj) : warning LNK4099: PDB 'sfml-window-s-d.pdb' n'a pu être trouvé avec 'sfml-window-s-d.lib(WindowImplWin32.cpp.obj)' ou sur 'D:\SVN\2012-2013\Sections\Prog3\Colaisseau Yann\Prog\TD\CreaSweeper\bin\Debug_static\sfml-window-s-d.pdb' ; l'objet sera lié sans informations de débogage
         CreaSweeper.vcxproj -> D:\SVN\2012-2013\Sections\Prog3\Colaisseau Yann\Prog\TD\CreaSweeper\\bin\Debug_static\CreaSweeper.exe
       Manifest:
         C:\Program Files (x86)\Microsoft SDKs\Windows\v7.0A\bin\mt.exe /nologo /verbose /outputresource:"D:\SVN\2012-2013\Sections\Prog3\Colaisseau Yann\Prog\TD\CreaSweeper\\bin\Debug_static\CreaSweeper.exe;#1" /manifest Debug_static\CreaSweeper.exe.intermediate.manifest
       FinalizeBuildStatus:
         Suppression du fichier "Debug_static\CreaSweeper.unsuccessfulbuild".
         Mise à jour de l'horodatage "Debug_static\CreaSweeper.lastbuildstate".
     1>Génération du projet "D:\SVN\2012-2013\Sections\Prog3\Colaisseau Yann\Prog\TD\CreaSweeper\CreaSweeper\CreaSweeper.vcxproj" terminée (build cible(s)).

La génération a réussi.

Temps écoulé 00:00:06.87
