C:\USERS\BREAKFAST\DESKTOP\CREASWEEPER\CREASWEEPER\BIN\RELEASE_STATIC\CREASWEEPER.EXE
C:\USERS\BREAKFAST\DESKTOP\CREASWEEPER\CREASWEEPER\BIN\RELEASE_STATIC\CREASWEEPER.PDB
C:\USERS\BREAKFAST\DESKTOP\CREASWEEPER\CREASWEEPER\CREASWEEPER\RELEASE_STATIC\CGAME.OBJ
C:\USERS\BREAKFAST\DESKTOP\CREASWEEPER\CREASWEEPER\CREASWEEPER\RELEASE_STATIC\CINTRO.OBJ
C:\USERS\BREAKFAST\DESKTOP\CREASWEEPER\CREASWEEPER\CREASWEEPER\RELEASE_STATIC\CREASWEEPER.EXE.INTERMEDIATE.MANIFEST
C:\USERS\BREAKFAST\DESKTOP\CREASWEEPER\CREASWEEPER\CREASWEEPER\RELEASE_STATIC\MAIN.OBJ
C:\USERS\BREAKFAST\DESKTOP\CREASWEEPER\CREASWEEPER\CREASWEEPER\RELEASE_STATIC\SPRITEMANAGER.OBJ
C:\USERS\BREAKFAST\DESKTOP\CREASWEEPER\CREASWEEPER\CREASWEEPER\RELEASE_STATIC\VC100.PDB
C:\USERS\BREAKFAST\DESKTOP\YANN\YANN CREA 3èME ANNéE\CREASWEEPER\CREASWEEPER\BIN\RELEASE_STATIC\CREASWEEPER.EXE
C:\USERS\BREAKFAST\DESKTOP\YANN\YANN CREA 3ÈME ANNÉE\CREASWEEPER\CREASWEEPER\BIN\RELEASE_STATIC\CREASWEEPER.PDB
C:\USERS\BREAKFAST\DESKTOP\YANN\YANN CREA 3èME ANNéE\CREASWEEPER\CREASWEEPER\CREASWEEPER\RELEASE_STATIC\CGAME.OBJ
C:\USERS\BREAKFAST\DESKTOP\YANN\YANN CREA 3èME ANNéE\CREASWEEPER\CREASWEEPER\CREASWEEPER\RELEASE_STATIC\CINTRO.OBJ
C:\USERS\BREAKFAST\DESKTOP\YANN\YANN CREA 3èME ANNéE\CREASWEEPER\CREASWEEPER\CREASWEEPER\RELEASE_STATIC\CMENU.OBJ
C:\USERS\BREAKFAST\DESKTOP\YANN\YANN CREA 3èME ANNéE\CREASWEEPER\CREASWEEPER\CREASWEEPER\RELEASE_STATIC\CREASWEEPER.EXE.INTERMEDIATE.MANIFEST
C:\USERS\BREAKFAST\DESKTOP\YANN\YANN CREA 3èME ANNéE\CREASWEEPER\CREASWEEPER\CREASWEEPER\RELEASE_STATIC\MAIN.OBJ
C:\USERS\BREAKFAST\DESKTOP\YANN\YANN CREA 3èME ANNéE\CREASWEEPER\CREASWEEPER\CREASWEEPER\RELEASE_STATIC\SPRITEMANAGER.OBJ
C:\USERS\BREAKFAST\DESKTOP\YANN\YANN CREA 3ÈME ANNÉE\CREASWEEPER\CREASWEEPER\CREASWEEPER\RELEASE_STATIC\VC100.PDB
D:\SVN\2012-2013\Sections\Prog3\Colaisseau Yann\Prog\TD\CreaSweeper\\bin\Release_static\CreaSweeper.exe
D:\SVN\2012-2013\Sections\Prog3\Colaisseau Yann\Prog\TD\CreaSweeper\\bin\Release_static\CreaSweeper.pdb
D:\SVN\2012-2013\SECTIONS\PROG3\COLAISSEAU YANN\PROG\TD\CREASWEEPER\BIN\RELEASE_STATIC\CREASWEEPER.EXE
D:\SVN\2012-2013\SECTIONS\PROG3\COLAISSEAU YANN\PROG\TD\CREASWEEPER\BIN\RELEASE_STATIC\CREASWEEPER.PDB
D:\SVN\2012-2013\SECTIONS\PROG3\COLAISSEAU YANN\PROG\TD\CREASWEEPER\CREASWEEPER\RELEASE_STATIC\CCREDITS.OBJ
D:\SVN\2012-2013\SECTIONS\PROG3\COLAISSEAU YANN\PROG\TD\CREASWEEPER\CREASWEEPER\RELEASE_STATIC\CGAME.OBJ
D:\SVN\2012-2013\SECTIONS\PROG3\COLAISSEAU YANN\PROG\TD\CREASWEEPER\CREASWEEPER\RELEASE_STATIC\CINTRO.OBJ
D:\SVN\2012-2013\Sections\Prog3\Colaisseau Yann\Prog\TD\CreaSweeper\CreaSweeper\Release_static\cl.command.1.tlog
D:\SVN\2012-2013\Sections\Prog3\Colaisseau Yann\Prog\TD\CreaSweeper\CreaSweeper\Release_static\CL.read.1.tlog
D:\SVN\2012-2013\Sections\Prog3\Colaisseau Yann\Prog\TD\CreaSweeper\CreaSweeper\Release_static\CL.write.1.tlog
D:\SVN\2012-2013\SECTIONS\PROG3\COLAISSEAU YANN\PROG\TD\CREASWEEPER\CREASWEEPER\RELEASE_STATIC\CMENU.OBJ
D:\SVN\2012-2013\SECTIONS\PROG3\COLAISSEAU YANN\PROG\TD\CREASWEEPER\CREASWEEPER\RELEASE_STATIC\CNODE.OBJ
D:\SVN\2012-2013\SECTIONS\PROG3\COLAISSEAU YANN\PROG\TD\CREASWEEPER\CREASWEEPER\RELEASE_STATIC\COPTIONS.OBJ
D:\SVN\2012-2013\SECTIONS\PROG3\COLAISSEAU YANN\PROG\TD\CREASWEEPER\CREASWEEPER\RELEASE_STATIC\CPARTIE.OBJ
D:\SVN\2012-2013\SECTIONS\PROG3\COLAISSEAU YANN\PROG\TD\CREASWEEPER\CREASWEEPER\RELEASE_STATIC\CPATHFINDER.OBJ
D:\SVN\2012-2013\SECTIONS\PROG3\COLAISSEAU YANN\PROG\TD\CREASWEEPER\CREASWEEPER\RELEASE_STATIC\CPERSO.OBJ
D:\SVN\2012-2013\SECTIONS\PROG3\COLAISSEAU YANN\PROG\TD\CREASWEEPER\CREASWEEPER\RELEASE_STATIC\CREASWEEPER.EXE.INTERMEDIATE.MANIFEST
D:\SVN\2012-2013\Sections\Prog3\Colaisseau Yann\Prog\TD\CreaSweeper\CreaSweeper\Release_static\CreaSweeper.write.1.tlog
D:\SVN\2012-2013\SECTIONS\PROG3\COLAISSEAU YANN\PROG\TD\CREASWEEPER\CREASWEEPER\RELEASE_STATIC\CSCORES.OBJ
D:\SVN\2012-2013\Sections\Prog3\Colaisseau Yann\Prog\TD\CreaSweeper\CreaSweeper\Release_static\link.command.1.tlog
D:\SVN\2012-2013\Sections\Prog3\Colaisseau Yann\Prog\TD\CreaSweeper\CreaSweeper\Release_static\link.read.1.tlog
D:\SVN\2012-2013\Sections\Prog3\Colaisseau Yann\Prog\TD\CreaSweeper\CreaSweeper\Release_static\link.write.1.tlog
D:\SVN\2012-2013\SECTIONS\PROG3\COLAISSEAU YANN\PROG\TD\CREASWEEPER\CREASWEEPER\RELEASE_STATIC\MAIN.OBJ
D:\SVN\2012-2013\Sections\Prog3\Colaisseau Yann\Prog\TD\CreaSweeper\CreaSweeper\Release_static\mt.command.1.tlog
D:\SVN\2012-2013\Sections\Prog3\Colaisseau Yann\Prog\TD\CreaSweeper\CreaSweeper\Release_static\mt.read.1.tlog
D:\SVN\2012-2013\Sections\Prog3\Colaisseau Yann\Prog\TD\CreaSweeper\CreaSweeper\Release_static\mt.write.1.tlog
D:\SVN\2012-2013\SECTIONS\PROG3\COLAISSEAU YANN\PROG\TD\CREASWEEPER\CREASWEEPER\RELEASE_STATIC\SPRITEMANAGER.OBJ
D:\SVN\2012-2013\SECTIONS\PROG3\COLAISSEAU YANN\PROG\TD\CREASWEEPER\CREASWEEPER\RELEASE_STATIC\VC100.PDB
