La génération a démarré 18/11/2012 20:50:59.
     1>Projet "C:\Users\breakfast\Desktop\yann\Yann crea 3ème année\CreaSweeper\CreaSweeper\CreaSweeper\CreaSweeper.vcxproj" sur le nœud 2 (build cible(s)).
     1>C:\Program Files (x86)\MSBuild\Microsoft.Cpp\v4.0\Microsoft.CppBuild.targets(299,5): warning MSB8004: Le répertoire Output ne se termine pas par une barre oblique finale.  Cette instance de build ajoutera une barre oblique, comme requis, pour permettre l'évaluation correcte du répertoire Output.
     1>InitializeBuildStatus:
         Mise à jour de l'horodatage "Release\CreaSweeper.unsuccessfulbuild".
       ClCompile:
         c:\Program Files (x86)\Microsoft Visual Studio 10.0\VC\bin\CL.exe /c /I"C:\Users\breakfast\Desktop\yann\Yann crea 3ème année\CreaSweeper\CreaSweeper\\bin\Release\\..\..\CreaSweeper\include" /Zi /nologo /W3 /WX- /O2 /Oi /Oy- /GL /D WIN32 /D NDEBUG /D _WINDOWS /D _UNICODE /D UNICODE /Gm- /EHsc /MD /GS /Gy /fp:precise /Zc:wchar_t /Zc:forScope /Fo"Release\\" /Fd"Release\vc100.pdb" /Gd /TP /analyze- /errorReport:prompt CGame.cpp
         CGame.cpp
       Link:
         c:\Program Files (x86)\Microsoft Visual Studio 10.0\VC\bin\link.exe /ERRORREPORT:PROMPT /OUT:"C:\Users\breakfast\Desktop\yann\Yann crea 3ème année\CreaSweeper\CreaSweeper\\bin\Release\CreaSweeper.exe" /INCREMENTAL:NO /NOLOGO /LIBPATH:"C:\Users\breakfast\Desktop\yann\Yann crea 3ème année\CreaSweeper\CreaSweeper\\bin\Release\\..\..\CreaSweeper\lib" "sfml-audio.lib" "sfml-graphics.lib" "sfml-main.lib" "sfml-network.lib" "sfml-system.lib" "sfml-window.lib" kernel32.lib user32.lib gdi32.lib winspool.lib comdlg32.lib advapi32.lib shell32.lib ole32.lib oleaut32.lib uuid.lib odbc32.lib odbccp32.lib /MANIFEST /ManifestFile:"Release\CreaSweeper.exe.intermediate.manifest" /MANIFESTUAC:"level='asInvoker' uiAccess='false'" /DEBUG /PDB:"C:\Users\breakfast\Desktop\yann\Yann crea 3ème année\CreaSweeper\CreaSweeper\bin\Release\CreaSweeper.pdb" /SUBSYSTEM:WINDOWS /OPT:REF /OPT:ICF /LTCG /TLBID:1 /DYNAMICBASE /NXCOMPAT /IMPLIB:"C:\Users\breakfast\Desktop\yann\Yann crea 3ème année\CreaSweeper\CreaSweeper\\bin\Release\CreaSweeper.lib" /MACHINE:X86 Release\CGame.obj
         Release\Cintro.obj
         Release\Cmenu.obj
         Release\main.obj
         Release\SpriteManager.obj
         Génération de code en cours
         Fin de la génération du code
         CreaSweeper.vcxproj -> C:\Users\breakfast\Desktop\yann\Yann crea 3ème année\CreaSweeper\CreaSweeper\\bin\Release\CreaSweeper.exe
       Manifest:
         C:\Program Files (x86)\Microsoft SDKs\Windows\v7.0A\bin\mt.exe /nologo /verbose /outputresource:"C:\Users\breakfast\Desktop\yann\Yann crea 3ème année\CreaSweeper\CreaSweeper\\bin\Release\CreaSweeper.exe;#1" /manifest Release\CreaSweeper.exe.intermediate.manifest
       FinalizeBuildStatus:
         Suppression du fichier "Release\CreaSweeper.unsuccessfulbuild".
         Mise à jour de l'horodatage "Release\CreaSweeper.lastbuildstate".
     1>Génération du projet "C:\Users\breakfast\Desktop\yann\Yann crea 3ème année\CreaSweeper\CreaSweeper\CreaSweeper\CreaSweeper.vcxproj" terminée (build cible(s)).

La génération a réussi.

Temps écoulé 00:00:01.74
