C:\USERS\BREAKFAST\DESKTOP\CREASWEEPER\CREASWEEPER\BIN\RELEASE\CREASWEEPER.EXE
C:\USERS\BREAKFAST\DESKTOP\CREASWEEPER\CREASWEEPER\BIN\RELEASE\CREASWEEPER.PDB
C:\USERS\BREAKFAST\DESKTOP\CREASWEEPER\CREASWEEPER\CREASWEEPER\RELEASE\CGAME.OBJ
C:\USERS\BREAKFAST\DESKTOP\CREASWEEPER\CREASWEEPER\CREASWEEPER\RELEASE\CINTRO.OBJ
C:\USERS\BREAKFAST\DESKTOP\CREASWEEPER\CREASWEEPER\CREASWEEPER\RELEASE\CREASWEEPER.EXE.INTERMEDIATE.MANIFEST
C:\USERS\BREAKFAST\DESKTOP\CREASWEEPER\CREASWEEPER\CREASWEEPER\RELEASE\MAIN.OBJ
C:\USERS\BREAKFAST\DESKTOP\CREASWEEPER\CREASWEEPER\CREASWEEPER\RELEASE\SPRITEMANAGER.OBJ
C:\USERS\BREAKFAST\DESKTOP\CREASWEEPER\CREASWEEPER\CREASWEEPER\RELEASE\VC100.PDB
C:\Users\breakfast\Desktop\yann\Yann crea 3ème année\CreaSweeper\CreaSweeper\\bin\Release\CreaSweeper.exe
C:\Users\breakfast\Desktop\yann\Yann crea 3ème année\CreaSweeper\CreaSweeper\\bin\Release\CreaSweeper.pdb
C:\USERS\BREAKFAST\DESKTOP\YANN\YANN CREA 3èME ANNéE\CREASWEEPER\CREASWEEPER\BIN\RELEASE\CREASWEEPER.EXE
C:\USERS\BREAKFAST\DESKTOP\YANN\YANN CREA 3ÈME ANNÉE\CREASWEEPER\CREASWEEPER\BIN\RELEASE\CREASWEEPER.PDB
C:\USERS\BREAKFAST\DESKTOP\YANN\YANN CREA 3èME ANNéE\CREASWEEPER\CREASWEEPER\CREASWEEPER\RELEASE\CGAME.OBJ
C:\USERS\BREAKFAST\DESKTOP\YANN\YANN CREA 3èME ANNéE\CREASWEEPER\CREASWEEPER\CREASWEEPER\RELEASE\CINTRO.OBJ
C:\Users\breakfast\Desktop\yann\Yann crea 3ème année\CreaSweeper\CreaSweeper\CreaSweeper\Release\cl.command.1.tlog
C:\Users\breakfast\Desktop\yann\Yann crea 3ème année\CreaSweeper\CreaSweeper\CreaSweeper\Release\CL.read.1.tlog
C:\Users\breakfast\Desktop\yann\Yann crea 3ème année\CreaSweeper\CreaSweeper\CreaSweeper\Release\CL.write.1.tlog
C:\USERS\BREAKFAST\DESKTOP\YANN\YANN CREA 3èME ANNéE\CREASWEEPER\CREASWEEPER\CREASWEEPER\RELEASE\CMENU.OBJ
C:\USERS\BREAKFAST\DESKTOP\YANN\YANN CREA 3èME ANNéE\CREASWEEPER\CREASWEEPER\CREASWEEPER\RELEASE\CREASWEEPER.EXE.INTERMEDIATE.MANIFEST
C:\Users\breakfast\Desktop\yann\Yann crea 3ème année\CreaSweeper\CreaSweeper\CreaSweeper\Release\link.command.1.tlog
C:\Users\breakfast\Desktop\yann\Yann crea 3ème année\CreaSweeper\CreaSweeper\CreaSweeper\Release\link.read.1.tlog
C:\Users\breakfast\Desktop\yann\Yann crea 3ème année\CreaSweeper\CreaSweeper\CreaSweeper\Release\link.write.1.tlog
C:\USERS\BREAKFAST\DESKTOP\YANN\YANN CREA 3èME ANNéE\CREASWEEPER\CREASWEEPER\CREASWEEPER\RELEASE\MAIN.OBJ
C:\Users\breakfast\Desktop\yann\Yann crea 3ème année\CreaSweeper\CreaSweeper\CreaSweeper\Release\mt.command.1.tlog
C:\Users\breakfast\Desktop\yann\Yann crea 3ème année\CreaSweeper\CreaSweeper\CreaSweeper\Release\mt.read.1.tlog
C:\Users\breakfast\Desktop\yann\Yann crea 3ème année\CreaSweeper\CreaSweeper\CreaSweeper\Release\mt.write.1.tlog
C:\USERS\BREAKFAST\DESKTOP\YANN\YANN CREA 3èME ANNéE\CREASWEEPER\CREASWEEPER\CREASWEEPER\RELEASE\SPRITEMANAGER.OBJ
C:\USERS\BREAKFAST\DESKTOP\YANN\YANN CREA 3ÈME ANNÉE\CREASWEEPER\CREASWEEPER\CREASWEEPER\RELEASE\VC100.PDB
